<?xml version="1.0" encoding="UTF-8"?>
<!-- Generated by org.testng.reporters.JUnitReportReporter -->
<testsuite hostname="ShreeRam" failures="0" tests="1" name="geckotest" time="8.036" errors="0" timestamp="2024-12-15T15:26:23 IST" skipped="0">
  <testcase classname="geckotest" name="firefox" time="8.036"/>
  <system-out/>
</testsuite> <!-- geckotest -->
