<?xml version="1.0" encoding="UTF-8"?>
<!-- Generated by org.testng.reporters.JUnitReportReporter -->
<testsuite hostname="ShreeRam" failures="0" tests="1" name="Chrometest" time="5.797" errors="0" timestamp="2024-12-15T15:49:28 IST" skipped="0">
  <testcase classname="Chrometest" name="chrome" time="5.797"/>
  <system-out/>
</testsuite> <!-- Chrometest -->
