<?xml version="1.0" encoding="UTF-8"?>
<!-- Generated by org.testng.reporters.JUnitReportReporter -->
<testsuite hostname="ShreeRam" failures="0" tests="1" name="Chrometest" time="4.178" errors="0" timestamp="2024-12-15T16:23:32 IST" skipped="0">
  <testcase classname="Chrometest" name="chrome" time="4.178"/>
</testsuite> <!-- Chrometest -->
